[ 26.06.2024 - 00:10:46 ]
    (MSG) [2] in SMILExtract : openSMILE starting!
[ 26.06.2024 - 00:10:46 ]
    (MSG) [2] in SMILExtract : config file is: tools/opensmile-2.3.0/config/gemaps/eGeMAPSv01a.conf
[ 26.06.2024 - 00:10:46 ]
    (MSG) [2] in cComponentManager : successfully registered 96 component types.
[ 26.06.2024 - 00:10:46 ]
    (MSG) [2] in instance 'gemapsv01a_logSpectral' : logSpecFloor = -140.00  (specFloor = 1.000000e-14)
[ 26.06.2024 - 00:10:46 ]
    (MSG) [2] in instance 'egemapsv01a_logSpectral_flux' : logSpecFloor = -140.00  (specFloor = 1.000000e-14)
[ 26.06.2024 - 00:10:46 ]
    (MSG) [2] in instance 'lldsink' : No filename given, disabling this sink component.
[ 26.06.2024 - 00:10:46 ]
    (MSG) [2] in instance 'lldhtksink' : No filename given, disabling this sink component.
[ 26.06.2024 - 00:10:46 ]
    (MSG) [2] in instance 'lldarffsink' : No filename given, disabling this sink component.
[ 26.06.2024 - 00:10:46 ]
    (MSG) [2] in instance 'arffsink' : No filename given, disabling this sink component.
[ 26.06.2024 - 00:10:46 ]
    (MSG) [2] in instance 'htksink' : No filename given, disabling this sink component.
[ 26.06.2024 - 00:10:47 ]
    (WARN) [1] in instance 'gemapsv01a_formantVoiced.reader' : Mismatch in input level buffer sizes (levelconf.nT). Level #0 has size 5 which is smaller than the max. input size of all input levels (150). This might cause the processing to hang unpredictably or cause incomplete processing.
[ 26.06.2024 - 00:10:47 ]
    (WARN) [1] in instance 'gemapsv01a_logSpectralVoiced.reader' : Mismatch in input level buffer sizes (levelconf.nT). Level #0 has size 5 which is smaller than the max. input size of all input levels (150). This might cause the processing to hang unpredictably or cause incomplete processing.
[ 26.06.2024 - 00:10:47 ]
    (WARN) [1] in instance 'gemapsv01a_logSpectralUnvoiced.reader' : Mismatch in input level buffer sizes (levelconf.nT). Level #0 has size 5 which is smaller than the max. input size of all input levels (150). This might cause the processing to hang unpredictably or cause incomplete processing.
[ 26.06.2024 - 00:10:47 ]
    (WARN) [1] in instance 'egemapsv01a_logSpectralVoiced.reader' : Mismatch in input level buffer sizes (levelconf.nT). Level #0 has size 5 which is smaller than the max. input size of all input levels (150). This might cause the processing to hang unpredictably or cause incomplete processing.
[ 26.06.2024 - 00:10:47 ]
    (WARN) [1] in instance 'egemapsv01a_logSpectralUnvoiced.reader' : Mismatch in input level buffer sizes (levelconf.nT). Level #0 has size 5 which is smaller than the max. input size of all input levels (150). This might cause the processing to hang unpredictably or cause incomplete processing.
[ 26.06.2024 - 00:10:47 ]
    (MSG) [2] in cComponentManager : successfully finished createInstances
                                 (77 component instances were finalised, 1 data memories were finalised)
[ 26.06.2024 - 00:10:47 ]
    (MSG) [2] in cComponentManager : starting single thread processing loop
[ 26.06.2024 - 00:10:48 ]
    (MSG) [2] in cComponentManager : Processing finished! System ran for 511 ticks.

